2025-05-12 19:07:39,601 - INFO - Servidor threadado iniciado em ('localhost', 8000)
2025-05-12 19:07:39,601 - INFO - Servidor RMI iniciado em http://localhost:8000
2025-05-12 19:07:39,601 - INFO - Arquivo master: master.txt
2025-05-12 19:07:39,601 - INFO - Arquivo de usuários: users.json
2025-05-12 19:07:39,602 - INFO - Log de sincronização: sync.log
2025-05-12 19:07:45,297 - INFO - Servidor encerrado por interrupção do usuário
2025-05-12 19:24:42,360 - INFO - Servidor threadado iniciado em ('localhost', 8000)
2025-05-12 19:24:42,360 - INFO - Servidor RMI iniciado em http://localhost:8000
2025-05-12 19:24:42,360 - INFO - Arquivo master: master.txt
2025-05-12 19:24:42,360 - INFO - Arquivo de usuários: users.json
2025-05-12 19:24:42,360 - INFO - Log de sincronização: sync.log
2025-05-12 19:25:40,207 - INFO - Servidor encerrado por interrupção do usuário
2025-05-12 19:33:45,175 - INFO - Servidor threadado iniciado em ('localhost', 8000)
2025-05-12 19:33:45,175 - INFO - Servidor RMI iniciado em http://localhost:8000
2025-05-12 19:33:45,176 - INFO - Arquivo master: master.txt
2025-05-12 19:33:45,176 - INFO - Arquivo de usuários: users.json
2025-05-12 19:33:45,176 - INFO - Log de sincronização: sync.log
2025-05-12 19:39:28,121 - INFO - Servidor encerrado por interrupção
2025-05-12 19:40:21,370 - INFO - Servidor threadado iniciado em ('localhost', 8000)
2025-05-12 19:40:21,370 - INFO - Servidor RMI iniciado em http://localhost:8000
2025-05-12 19:40:21,370 - INFO - Arquivo master: master.txt
2025-05-12 19:40:21,371 - INFO - Arquivo de usuários: users.json
2025-05-12 19:40:21,371 - INFO - Log de sincronização: sync.log
2025-05-12 19:45:57,453 - INFO - Servidor encerrado por interrupção
2025-05-12 19:46:09,463 - INFO - Servidor threadado iniciado em ('localhost', 8000)
2025-05-12 19:46:09,463 - INFO - Servidor RMI iniciado em http://localhost:8000
2025-05-12 19:46:09,463 - INFO - Arquivo master: master.txt
2025-05-12 19:46:09,463 - INFO - Arquivo de usuários: users.json
2025-05-12 19:46:09,464 - INFO - Log de sincronização: sync.log
2025-05-12 19:53:46,203 - INFO - Servidor encerrado por interrupção
2025-05-12 19:55:18,667 - INFO - Servidor threadado iniciado em ('localhost', 8000)
2025-05-12 19:55:18,667 - INFO - Servidor RMI iniciado em http://localhost:8000
2025-05-12 19:55:18,668 - INFO - Arquivo master: master.txt
2025-05-12 19:55:18,668 - INFO - Arquivo de usuários: users.json
2025-05-12 19:55:18,668 - INFO - Log de sincronização: sync.log
2025-05-12 19:58:00,867 - INFO - Servidor encerrado por interrupção
