2025-05-12 20:42:17,768 - INFO - Stub conectado a http://localhost:8000
2025-05-12 20:42:17,768 - INFO - Arquivo slave.txt criado
2025-05-12 20:42:17,768 - INFO - Cliente iniciado (Modo: RR)
2025-05-12 20:42:17,769 - INFO - Iniciando monitor (Intervalo: 5s)
2025-05-12 20:42:17,841 - ERROR - Erro HTTP 401: Unauthorized
2025-05-12 20:42:17,841 - ERROR - Erro na sincronização: HTTP Error 401: Unauthorized
2025-05-12 20:42:22,846 - ERROR - Erro HTTP 401: Unauthorized
2025-05-12 20:42:22,846 - ERROR - Erro na sincronização: HTTP Error 401: Unauthorized
2025-05-12 20:42:27,850 - ERROR - Erro HTTP 401: Unauthorized
2025-05-12 20:42:27,850 - ERROR - Erro na sincronização: HTTP Error 401: Unauthorized
2025-05-12 20:42:32,854 - ERROR - Erro HTTP 401: Unauthorized
2025-05-12 20:42:32,854 - ERROR - Erro na sincronização: HTTP Error 401: Unauthorized
2025-05-12 20:42:37,858 - ERROR - Erro HTTP 401: Unauthorized
2025-05-12 20:42:37,858 - ERROR - Erro na sincronização: HTTP Error 401: Unauthorized
2025-05-12 20:42:42,862 - ERROR - Erro HTTP 401: Unauthorized
2025-05-12 20:42:42,862 - ERROR - Erro na sincronização: HTTP Error 401: Unauthorized
2025-05-12 20:42:47,866 - ERROR - Erro HTTP 401: Unauthorized
2025-05-12 20:42:47,867 - ERROR - Erro na sincronização: HTTP Error 401: Unauthorized
2025-05-12 20:42:52,871 - ERROR - Erro HTTP 401: Unauthorized
2025-05-12 20:42:52,871 - ERROR - Erro na sincronização: HTTP Error 401: Unauthorized
2025-05-12 20:42:57,875 - ERROR - Erro HTTP 401: Unauthorized
2025-05-12 20:42:57,875 - ERROR - Erro na sincronização: HTTP Error 401: Unauthorized
2025-05-12 20:43:02,879 - ERROR - Erro HTTP 401: Unauthorized
2025-05-12 20:43:02,879 - ERROR - Erro na sincronização: HTTP Error 401: Unauthorized
2025-05-12 20:43:07,883 - ERROR - Erro HTTP 401: Unauthorized
2025-05-12 20:43:07,883 - ERROR - Erro na sincronização: HTTP Error 401: Unauthorized
2025-05-12 20:43:12,888 - ERROR - Erro HTTP 401: Unauthorized
2025-05-12 20:43:12,888 - ERROR - Erro na sincronização: HTTP Error 401: Unauthorized
2025-05-12 20:43:17,893 - ERROR - Erro HTTP 401: Unauthorized
2025-05-12 20:43:17,894 - ERROR - Erro na sincronização: HTTP Error 401: Unauthorized
2025-05-12 20:43:22,897 - ERROR - Erro HTTP 401: Unauthorized
2025-05-12 20:43:22,897 - ERROR - Erro na sincronização: HTTP Error 401: Unauthorized
2025-05-12 20:43:27,901 - ERROR - Erro HTTP 401: Unauthorized
2025-05-12 20:43:27,901 - ERROR - Erro na sincronização: HTTP Error 401: Unauthorized
2025-05-12 20:43:32,903 - ERROR - Falha na conexão: <urlopen error [Errno 111] Connection refused>
2025-05-12 20:43:32,904 - ERROR - Erro na sincronização: <urlopen error [Errno 111] Connection refused>
2025-05-12 20:43:37,905 - ERROR - Falha na conexão: <urlopen error [Errno 111] Connection refused>
2025-05-12 20:43:37,906 - ERROR - Erro na sincronização: <urlopen error [Errno 111] Connection refused>
2025-05-12 20:43:42,907 - ERROR - Falha na conexão: <urlopen error [Errno 111] Connection refused>
2025-05-12 20:43:42,907 - ERROR - Erro na sincronização: <urlopen error [Errno 111] Connection refused>
2025-05-12 20:43:47,909 - ERROR - Falha na conexão: <urlopen error [Errno 111] Connection refused>
2025-05-12 20:43:47,909 - ERROR - Erro na sincronização: <urlopen error [Errno 111] Connection refused>
2025-05-12 20:43:52,910 - ERROR - Falha na conexão: <urlopen error [Errno 111] Connection refused>
2025-05-12 20:43:52,911 - ERROR - Erro na sincronização: <urlopen error [Errno 111] Connection refused>
2025-05-12 20:43:57,912 - ERROR - Falha na conexão: <urlopen error [Errno 111] Connection refused>
2025-05-12 20:43:57,912 - ERROR - Erro na sincronização: <urlopen error [Errno 111] Connection refused>
2025-05-12 20:44:02,916 - ERROR - Erro HTTP 401: Unauthorized
2025-05-12 20:44:02,917 - ERROR - Erro na sincronização: HTTP Error 401: Unauthorized
2025-05-12 20:44:07,312 - INFO - Monitor encerrado
2025-05-12 20:44:28,107 - INFO - Stub conectado a http://localhost:8000
2025-05-12 20:44:28,107 - INFO - Cliente iniciado (Modo: RR)
2025-05-12 20:44:28,108 - INFO - Iniciando monitor (Intervalo: 5s)
2025-05-12 20:44:28,182 - ERROR - Erro HTTP 401: Unauthorized
2025-05-12 20:44:28,182 - ERROR - Erro na sincronização: HTTP Error 401: Unauthorized
2025-05-12 20:44:33,183 - ERROR - Falha na conexão: <urlopen error [Errno 111] Connection refused>
2025-05-12 20:44:33,184 - ERROR - Erro na sincronização: <urlopen error [Errno 111] Connection refused>
2025-05-12 20:44:35,184 - INFO - Monitor encerrado
2025-05-12 21:12:27,574 - INFO - Stub conectado a http://localhost:8000
2025-05-12 21:12:27,574 - INFO - Cliente iniciado (Modo: RR)
2025-05-12 21:12:27,575 - INFO - Iniciando monitor (Intervalo: 5s)
2025-05-12 21:12:27,676 - ERROR - Erro HTTP 401: Unauthorized
2025-05-12 21:12:27,677 - ERROR - Erro na sincronização: HTTP Error 401: Unauthorized
2025-05-12 21:12:32,681 - ERROR - Erro HTTP 401: Unauthorized
2025-05-12 21:12:32,681 - ERROR - Erro na sincronização: HTTP Error 401: Unauthorized
2025-05-12 21:12:37,685 - ERROR - Erro HTTP 401: Unauthorized
2025-05-12 21:12:37,685 - ERROR - Erro na sincronização: HTTP Error 401: Unauthorized
2025-05-12 21:12:42,690 - ERROR - Erro HTTP 401: Unauthorized
2025-05-12 21:12:42,690 - ERROR - Erro na sincronização: HTTP Error 401: Unauthorized
2025-05-12 21:12:47,696 - ERROR - Erro HTTP 401: Unauthorized
2025-05-12 21:12:47,696 - ERROR - Erro na sincronização: HTTP Error 401: Unauthorized
2025-05-12 21:12:52,702 - ERROR - Erro HTTP 401: Unauthorized
2025-05-12 21:12:52,702 - ERROR - Erro na sincronização: HTTP Error 401: Unauthorized
2025-05-12 21:12:57,705 - ERROR - Erro HTTP 401: Unauthorized
2025-05-12 21:12:57,706 - ERROR - Erro na sincronização: HTTP Error 401: Unauthorized
2025-05-12 21:13:02,711 - ERROR - Erro HTTP 401: Unauthorized
2025-05-12 21:13:02,711 - ERROR - Erro na sincronização: HTTP Error 401: Unauthorized
2025-05-12 21:13:07,715 - ERROR - Erro HTTP 401: Unauthorized
2025-05-12 21:13:07,716 - ERROR - Erro na sincronização: HTTP Error 401: Unauthorized
2025-05-12 21:13:12,720 - ERROR - Erro HTTP 401: Unauthorized
2025-05-12 21:13:12,720 - ERROR - Erro na sincronização: HTTP Error 401: Unauthorized
2025-05-12 21:13:17,724 - ERROR - Erro HTTP 401: Unauthorized
2025-05-12 21:13:17,724 - ERROR - Erro na sincronização: HTTP Error 401: Unauthorized
2025-05-12 21:13:22,728 - ERROR - Erro HTTP 401: Unauthorized
2025-05-12 21:13:22,728 - ERROR - Erro na sincronização: HTTP Error 401: Unauthorized
2025-05-12 21:13:27,732 - ERROR - Erro HTTP 401: Unauthorized
2025-05-12 21:13:27,733 - ERROR - Erro na sincronização: HTTP Error 401: Unauthorized
2025-05-12 21:13:32,737 - ERROR - Erro HTTP 401: Unauthorized
2025-05-12 21:13:32,737 - ERROR - Erro na sincronização: HTTP Error 401: Unauthorized
2025-05-12 21:13:37,741 - ERROR - Erro HTTP 401: Unauthorized
2025-05-12 21:13:37,741 - ERROR - Erro na sincronização: HTTP Error 401: Unauthorized
2025-05-12 21:13:39,718 - INFO - Monitor encerrado
2025-05-12 21:25:40,407 - INFO - Stub conectado a http://localhost:8000
2025-05-12 21:25:40,486 - ERROR - Erro HTTP 401: Unauthorized
2025-05-12 21:25:40,486 - ERROR - Falha na conexão inicial: HTTP Error 401: Unauthorized
2025-05-12 21:31:57,755 - INFO - Stub conectado a http://localhost:8000
2025-05-12 21:31:57,837 - ERROR - Falha na conexão inicial: Remote end closed connection without response
2025-05-12 21:37:56,227 - INFO - Stub conectado a http://localhost:8000
2025-05-12 21:37:56,304 - ERROR - Falha na conexão inicial: Remote end closed connection without response
2025-05-12 21:42:48,448 - INFO - Stub conectado a http://localhost:8000
2025-05-12 21:42:48,524 - ERROR - Erro HTTP 500: Internal Server Error
2025-05-12 21:42:48,524 - ERROR - Falha na conexão inicial: HTTP Error 500: Internal Server Error
2025-05-12 21:46:11,165 - INFO - Stub conectado a http://localhost:8000
2025-05-12 21:46:11,254 - ERROR - Erro HTTP 500: Internal Server Error
2025-05-12 21:46:11,255 - ERROR - Falha na conexão inicial: HTTP Error 500: Internal Server Error
2025-05-12 21:51:31,737 - INFO - Stub conectado a http://localhost:8000
2025-05-12 21:51:31,812 - ERROR - Erro HTTP 500: Internal Server Error
2025-05-12 21:51:31,812 - ERROR - Falha na conexão inicial: HTTP Error 500: Internal Server Error
2025-05-12 22:03:01,785 - INFO - Stub conectado a http://localhost:8000
2025-05-12 22:03:01,859 - ERROR - Erro HTTP 500: Internal Server Error
2025-05-12 22:03:01,860 - ERROR - Falha na conexão inicial: HTTP Error 500: Internal Server Error
2025-05-12 22:10:14,219 - INFO - Stub conectado a http://localhost:8000
2025-05-12 22:10:14,294 - ERROR - Erro HTTP 500: Internal Server Error
2025-05-12 22:10:14,294 - ERROR - Falha na conexão inicial: HTTP Error 500: Internal Server Error
2025-05-12 22:17:07,690 - INFO - Stub conectado a http://localhost:8000
2025-05-12 22:17:07,768 - INFO - Cliente iniciado (Modo: RR)
2025-05-12 22:17:07,769 - INFO - Iniciando monitor (Intervalo: 5s)
2025-05-12 22:23:41,327 - INFO - Monitor encerrado
2025-05-12 22:24:15,168 - INFO - Stub conectado a http://localhost:8000
2025-05-12 22:24:15,244 - INFO - Cliente iniciado (Modo: RR)
2025-05-12 22:24:15,244 - INFO - Iniciando monitor (Intervalo: 5s)
2025-05-12 22:24:30,255 - ERROR - Falha na conexão: <urlopen error [Errno 111] Connection refused>
2025-05-12 22:24:30,255 - ERROR - Erro na sincronização: <urlopen error [Errno 111] Connection refused>
2025-05-12 22:24:33,080 - INFO - Monitor encerrado
2025-05-12 22:24:50,478 - INFO - Stub conectado a http://localhost:8000
2025-05-12 22:24:50,552 - ERROR - Falha na conexão inicial: Remote end closed connection without response
2025-05-12 22:26:30,153 - INFO - Stub conectado a http://localhost:8000
2025-05-12 22:26:30,228 - INFO - Cliente iniciado (Modo: R)
2025-05-12 22:26:30,228 - INFO - Iniciando monitor (Intervalo: 5s)
2025-05-12 22:26:43,101 - INFO - Monitor encerrado
2025-05-12 22:27:14,864 - INFO - Stub conectado a http://localhost:8000
2025-05-12 22:27:14,939 - INFO - Cliente iniciado (Modo: RR)
2025-05-12 22:27:14,939 - INFO - Iniciando monitor (Intervalo: 5s)
2025-05-12 22:27:17,906 - INFO - Stub conectado a http://localhost:8000
2025-05-12 22:27:17,981 - INFO - Cliente iniciado (Modo: R)
2025-05-12 22:27:17,981 - INFO - Iniciando monitor (Intervalo: 5s)
2025-05-12 22:28:46,687 - INFO - Monitor encerrado
2025-05-12 22:28:47,617 - INFO - Monitor encerrado
2025-05-13 12:03:40,757 - INFO - Stub conectado a http://localhost:8000
2025-05-13 12:03:40,835 - INFO - Cliente iniciado (Modo: RR)
2025-05-13 12:03:40,835 - INFO - Iniciando monitor (Intervalo: 5s)
2025-05-13 12:08:20,759 - INFO - Monitor encerrado
2025-05-13 12:08:57,758 - INFO - Stub conectado a http://localhost:8000
2025-05-13 12:08:57,832 - INFO - Cliente iniciado (Modo: RR)
2025-05-13 12:08:57,832 - INFO - Iniciando monitor (Intervalo: 5s)
2025-05-13 12:18:37,702 - INFO - Monitor encerrado
2025-05-13 12:18:37,704 - ERROR - Falha na conexão: <urlopen error [Errno 111] Connection refused>
2025-05-13 12:18:37,705 - ERROR - Erro na sincronização manual: <urlopen error [Errno 111] Connection refused>
2025-05-13 12:21:40,235 - INFO - Stub conectado a http://localhost:8000
2025-05-13 12:21:40,310 - INFO - Cliente iniciado (Modo: RR)
2025-05-13 12:21:40,310 - INFO - Iniciando monitor (Intervalo: 5s)
2025-05-13 12:25:30,464 - ERROR - Falha na conexão: <urlopen error [Errno 111] Connection refused>
2025-05-13 12:25:30,464 - ERROR - Erro na sincronização: <urlopen error [Errno 111] Connection refused>
2025-05-13 12:25:31,178 - INFO - Monitor encerrado
2025-05-13 12:25:31,179 - ERROR - Falha na conexão: <urlopen error [Errno 111] Connection refused>
2025-05-13 12:25:31,179 - ERROR - Erro na sincronização manual: <urlopen error [Errno 111] Connection refused>
2025-05-13 12:26:20,229 - INFO - Stub conectado a http://localhost:8000
2025-05-13 12:26:20,305 - ERROR - Falha na conexão: <urlopen error [Errno 111] Connection refused>
2025-05-13 12:26:20,305 - ERROR - Falha na conexão inicial: <urlopen error [Errno 111] Connection refused>
2025-05-13 12:26:50,438 - INFO - Stub conectado a http://localhost:8000
2025-05-13 12:26:50,510 - INFO - Cliente iniciado (Modo: RR)
2025-05-13 12:26:50,511 - INFO - Iniciando monitor (Intervalo: 5s)
2025-05-13 12:26:50,514 - ERROR - Erro HTTP 404: Not Found
2025-05-13 12:26:50,514 - ERROR - Erro na sincronização: HTTP Error 404: Not Found
2025-05-13 12:26:55,521 - ERROR - Erro HTTP 404: Not Found
2025-05-13 12:26:55,521 - ERROR - Erro na sincronização: HTTP Error 404: Not Found
2025-05-13 12:27:00,528 - ERROR - Erro HTTP 404: Not Found
2025-05-13 12:27:00,528 - ERROR - Erro na sincronização: HTTP Error 404: Not Found
2025-05-13 12:27:05,533 - ERROR - Erro HTTP 404: Not Found
2025-05-13 12:27:05,533 - ERROR - Erro na sincronização: HTTP Error 404: Not Found
2025-05-13 12:27:08,676 - INFO - Monitor encerrado
2025-05-13 12:27:08,678 - ERROR - Falha na conexão: <urlopen error [Errno 111] Connection refused>
2025-05-13 12:27:08,678 - ERROR - Erro na sincronização manual: <urlopen error [Errno 111] Connection refused>
2025-05-13 12:27:36,141 - INFO - Stub conectado a http://localhost:8000
2025-05-13 12:27:36,212 - INFO - Cliente iniciado (Modo: RR)
2025-05-13 12:27:36,212 - INFO - Iniciando monitor (Intervalo: 5s)
2025-05-13 12:27:36,216 - ERROR - Erro HTTP 404: Not Found
2025-05-13 12:27:36,216 - ERROR - Erro na sincronização: HTTP Error 404: Not Found
2025-05-13 12:27:41,222 - ERROR - Erro HTTP 404: Not Found
2025-05-13 12:27:41,223 - ERROR - Erro na sincronização: HTTP Error 404: Not Found
2025-05-13 12:27:46,229 - ERROR - Erro HTTP 404: Not Found
2025-05-13 12:27:46,229 - ERROR - Erro na sincronização: HTTP Error 404: Not Found
2025-05-13 12:27:51,235 - ERROR - Erro HTTP 404: Not Found
2025-05-13 12:27:51,235 - ERROR - Erro na sincronização: HTTP Error 404: Not Found
2025-05-13 12:27:56,238 - ERROR - Falha na conexão: <urlopen error [Errno 111] Connection refused>
2025-05-13 12:27:56,239 - ERROR - Erro na sincronização: <urlopen error [Errno 111] Connection refused>
2025-05-13 12:27:57,389 - INFO - Monitor encerrado
2025-05-13 12:27:57,391 - ERROR - Falha na conexão: <urlopen error [Errno 111] Connection refused>
2025-05-13 12:27:57,391 - ERROR - Erro na sincronização manual: <urlopen error [Errno 111] Connection refused>
2025-05-13 12:28:22,571 - INFO - Stub conectado a http://localhost:8000
2025-05-13 12:28:22,644 - INFO - Cliente iniciado (Modo: RR)
2025-05-13 12:28:22,644 - INFO - Iniciando monitor (Intervalo: 5s)
2025-05-13 12:28:22,647 - ERROR - Erro HTTP 404: Not Found
2025-05-13 12:28:22,648 - ERROR - Erro na sincronização: HTTP Error 404: Not Found
2025-05-13 12:28:27,654 - ERROR - Erro HTTP 404: Not Found
2025-05-13 12:28:27,654 - ERROR - Erro na sincronização: HTTP Error 404: Not Found
2025-05-13 12:28:32,659 - ERROR - Erro HTTP 404: Not Found
2025-05-13 12:28:32,660 - ERROR - Erro na sincronização: HTTP Error 404: Not Found
2025-05-13 12:28:37,665 - ERROR - Erro HTTP 404: Not Found
2025-05-13 12:28:37,665 - ERROR - Erro na sincronização: HTTP Error 404: Not Found
2025-05-13 12:28:42,670 - ERROR - Erro HTTP 404: Not Found
2025-05-13 12:28:42,671 - ERROR - Erro na sincronização: HTTP Error 404: Not Found
2025-05-13 12:28:47,676 - ERROR - Erro HTTP 404: Not Found
2025-05-13 12:28:47,676 - ERROR - Erro na sincronização: HTTP Error 404: Not Found
2025-05-13 12:28:52,080 - INFO - Monitor encerrado
2025-05-13 12:29:14,524 - INFO - Stub conectado a http://localhost:8000
2025-05-13 12:29:14,605 - INFO - Cliente iniciado (Modo: RR)
2025-05-13 12:29:14,606 - INFO - Iniciando monitor (Intervalo: 5s)
2025-05-13 12:30:14,653 - ERROR - Erro HTTP 404: Not Found
2025-05-13 12:30:14,654 - ERROR - Erro na sincronização: HTTP Error 404: Not Found
2025-05-13 12:30:19,659 - ERROR - Erro HTTP 404: Not Found
2025-05-13 12:30:19,659 - ERROR - Erro na sincronização: HTTP Error 404: Not Found
2025-05-13 12:30:24,665 - ERROR - Erro HTTP 404: Not Found
2025-05-13 12:30:24,666 - ERROR - Erro na sincronização: HTTP Error 404: Not Found
2025-05-13 12:30:29,672 - ERROR - Erro HTTP 404: Not Found
2025-05-13 12:30:29,672 - ERROR - Erro na sincronização: HTTP Error 404: Not Found
2025-05-13 12:30:34,677 - ERROR - Erro HTTP 404: Not Found
2025-05-13 12:30:34,678 - ERROR - Erro na sincronização: HTTP Error 404: Not Found
2025-05-13 12:30:38,879 - INFO - Monitor encerrado
2025-05-13 12:45:28,631 - INFO - Stub conectado a http://localhost:8000
2025-05-13 12:45:28,706 - INFO - Cliente iniciado (Modo: RR)
2025-05-13 12:45:28,706 - INFO - Iniciando monitor (Intervalo: 5s)
2025-05-13 12:45:48,725 - ERROR - Erro HTTP 404: Not Found
2025-05-13 12:45:48,725 - ERROR - Erro na sincronização: HTTP Error 404: Not Found
2025-05-13 12:45:53,732 - ERROR - Erro HTTP 404: Not Found
2025-05-13 12:45:53,732 - ERROR - Erro na sincronização: HTTP Error 404: Not Found
2025-05-13 12:46:13,745 - ERROR - Falha na conexão: <urlopen error [Errno 111] Connection refused>
2025-05-13 12:46:13,745 - ERROR - Erro na sincronização: <urlopen error [Errno 111] Connection refused>
2025-05-13 12:46:15,431 - INFO - Monitor encerrado
2025-05-13 12:48:16,841 - INFO - Stub conectado a http://localhost:8000
2025-05-13 12:48:16,923 - INFO - Cliente iniciado (Modo: RR)
2025-05-13 12:48:16,924 - INFO - Iniciando monitor (Intervalo: 5s)
2025-05-13 12:49:34,407 - INFO - Monitor encerrado
2025-05-13 12:49:56,562 - INFO - Stub conectado a http://localhost:8000
2025-05-13 12:49:56,637 - INFO - Cliente iniciado (Modo: RR)
2025-05-13 12:49:56,637 - INFO - Iniciando monitor (Intervalo: 5s)
2025-05-13 12:51:05,432 - INFO - Monitor encerrado
2025-05-13 12:51:10,576 - INFO - Stub conectado a http://localhost:8000
2025-05-13 12:51:10,654 - INFO - Cliente iniciado (Modo: R)
2025-05-13 12:51:10,654 - INFO - Iniciando monitor (Intervalo: 5s)
2025-05-13 12:54:27,984 - INFO - Monitor encerrado
2025-05-13 12:54:33,520 - ERROR - Erro: Can't instantiate abstract class FileSyncStub without an implementation for abstract method 'update_file_content'
2025-05-13 12:58:32,412 - INFO - Stub conectado a http://localhost:8000
2025-05-13 12:58:32,492 - INFO - Cliente iniciado (Modo: R)
2025-05-13 12:58:32,492 - INFO - Iniciando monitor (Intervalo: 5s)
2025-05-13 12:59:04,053 - INFO - Monitor encerrado
2025-05-13 13:08:04,551 - INFO - Stub conectado a http://localhost:8000
2025-05-13 13:08:04,633 - INFO - Cliente iniciado (Modo: R)
2025-05-13 13:08:04,633 - INFO - Iniciando monitor (Intervalo: 5s)
2025-05-13 13:11:29,785 - ERROR - Falha na conexão: <urlopen error [Errno 111] Connection refused>
2025-05-13 13:11:29,785 - ERROR - Erro na sincronização: <urlopen error [Errno 111] Connection refused>
2025-05-13 13:11:31,625 - INFO - Monitor encerrado
2025-05-13 13:11:31,626 - INFO - Iniciando monitor (Intervalo: 5s)
2025-05-13 13:11:31,627 - ERROR - Falha na conexão: <urlopen error [Errno 111] Connection refused>
2025-05-13 13:11:31,627 - ERROR - Erro na sincronização: <urlopen error [Errno 111] Connection refused>
2025-05-13 13:11:37,596 - INFO - Monitor encerrado
2025-05-13 13:11:44,498 - INFO - Monitor encerrado
2025-05-13 13:11:46,844 - INFO - Stub conectado a http://localhost:8000
2025-05-13 13:11:46,927 - INFO - Cliente iniciado (Modo: R)
2025-05-13 13:11:46,927 - INFO - Iniciando monitor (Intervalo: 5s)
2025-05-13 13:12:14,547 - INFO - Monitor encerrado
2025-05-13 13:12:21,968 - ERROR - Erro HTTP 404: Not Found
2025-05-13 13:13:45,894 - INFO - Stub conectado a http://localhost:8000
2025-05-13 13:13:45,970 - INFO - Cliente iniciado (Modo: R)
2025-05-13 13:13:45,970 - INFO - Iniciando monitor (Intervalo: 5s)
2025-05-13 13:13:52,818 - INFO - Monitor encerrado
2025-05-13 13:14:09,015 - INFO - Stub conectado a http://localhost:8000
2025-05-13 13:14:09,133 - INFO - Cliente iniciado (Modo: R)
2025-05-13 13:14:09,133 - INFO - Iniciando monitor (Intervalo: 5s)
2025-05-13 13:14:11,454 - INFO - Monitor encerrado
2025-05-13 13:14:17,867 - ERROR - Erro HTTP 501: Unsupported method ('POST')
2025-05-13 13:14:17,867 - ERROR - Falha na atualização: HTTP Error 501: Unsupported method ('POST')
2025-05-13 13:14:22,690 - ERROR - Erro HTTP 404: Not Found
2025-05-13 13:14:22,690 - ERROR - Erro: HTTP Error 404: Not Found
2025-05-13 13:19:56,267 - INFO - Stub conectado a http://localhost:8000
2025-05-13 13:19:56,340 - INFO - Cliente iniciado (Modo: R)
2025-05-13 13:19:56,340 - INFO - Iniciando monitor (Intervalo: 5s)
2025-05-13 13:19:59,510 - INFO - Monitor encerrado
2025-05-13 13:20:03,957 - ERROR - Erro HTTP 501: Unsupported method ('POST')
2025-05-13 13:20:34,850 - ERROR - Erro HTTP 404: Not Found
2025-05-13 13:20:34,851 - ERROR - Erro: HTTP Error 404: Not Found
2025-05-13 14:12:47,890 - INFO - Stub conectado a http://localhost:8000
2025-05-13 14:12:47,966 - INFO - Cliente iniciado (Modo: R)
2025-05-13 14:12:47,966 - INFO - Iniciando monitor (Intervalo: 5s)
2025-05-13 14:12:50,646 - INFO - Monitor encerrado
2025-05-13 14:13:00,107 - ERROR - Erro HTTP 404: Not Found
2025-05-13 14:13:00,107 - ERROR - Erro: HTTP Error 404: Not Found
2025-05-13 14:16:07,515 - INFO - Stub conectado a http://localhost:8000
2025-05-13 14:16:07,610 - INFO - Cliente iniciado (Modo: R)
2025-05-13 14:16:07,610 - INFO - Iniciando monitor (Intervalo: 5s)
2025-05-13 14:16:08,906 - INFO - Monitor encerrado
2025-05-13 14:16:12,068 - ERROR - Erro HTTP 404: Not Found
2025-05-13 14:16:12,068 - ERROR - Erro: HTTP Error 404: Not Found
2025-05-13 14:17:24,983 - INFO - Stub conectado a http://localhost:8000
2025-05-13 14:17:25,064 - INFO - Cliente iniciado (Modo: R)
2025-05-13 14:17:25,065 - INFO - Iniciando monitor (Intervalo: 5s)
2025-05-13 14:17:27,275 - INFO - Monitor encerrado
2025-05-13 14:17:29,686 - ERROR - Erro HTTP 404: Not Found
2025-05-13 14:17:29,686 - ERROR - Erro: HTTP Error 404: Not Found
2025-05-13 14:22:19,668 - INFO - Stub conectado a http://localhost:8000
2025-05-13 14:22:19,753 - INFO - Cliente iniciado (Modo: R)
2025-05-13 14:22:19,753 - INFO - Iniciando monitor (Intervalo: 5s)
2025-05-13 14:22:21,670 - INFO - Monitor encerrado
2025-05-13 14:23:08,968 - INFO - Stub conectado a http://localhost:8000
2025-05-13 14:23:09,044 - INFO - Cliente iniciado (Modo: R)
2025-05-13 14:23:09,044 - INFO - Iniciando monitor (Intervalo: 5s)
2025-05-13 14:23:09,048 - ERROR - Erro HTTP 404: Not Found
2025-05-13 14:23:09,048 - ERROR - Erro na sincronização: HTTP Error 404: Not Found
2025-05-13 14:23:14,054 - ERROR - Erro HTTP 404: Not Found
2025-05-13 14:23:14,054 - ERROR - Erro na sincronização: HTTP Error 404: Not Found
2025-05-13 14:23:19,059 - ERROR - Erro HTTP 404: Not Found
2025-05-13 14:23:19,060 - ERROR - Erro na sincronização: HTTP Error 404: Not Found
2025-05-13 14:23:24,065 - ERROR - Erro HTTP 404: Not Found
2025-05-13 14:23:24,066 - ERROR - Erro na sincronização: HTTP Error 404: Not Found
2025-05-13 14:23:25,641 - INFO - Monitor encerrado
2025-05-13 14:25:09,526 - INFO - Stub conectado a http://localhost:8000
2025-05-13 14:25:09,600 - INFO - Cliente iniciado (Modo: R)
2025-05-13 14:25:09,600 - INFO - Iniciando monitor (Intervalo: 5s)
2025-05-13 14:25:09,603 - ERROR - Erro HTTP 404: Not Found
2025-05-13 14:25:09,604 - ERROR - Erro na sincronização: HTTP Error 404: Not Found
2025-05-13 14:25:14,609 - ERROR - Erro HTTP 404: Not Found
2025-05-13 14:25:14,609 - ERROR - Erro na sincronização: HTTP Error 404: Not Found
2025-05-13 14:25:16,898 - INFO - Monitor encerrado
2025-05-13 14:25:57,716 - INFO - Stub conectado a http://localhost:8000
2025-05-13 14:25:57,786 - INFO - Cliente iniciado (Modo: R)
2025-05-13 14:25:57,786 - INFO - Iniciando monitor (Intervalo: 5s)
2025-05-13 14:25:57,789 - ERROR - Erro HTTP 404: Not Found
2025-05-13 14:25:57,789 - ERROR - Erro na sincronização: HTTP Error 404: Not Found
2025-05-13 14:26:02,795 - ERROR - Erro HTTP 404: Not Found
2025-05-13 14:26:02,795 - ERROR - Erro na sincronização: HTTP Error 404: Not Found
2025-05-13 14:26:07,801 - ERROR - Erro HTTP 404: Not Found
2025-05-13 14:26:07,801 - ERROR - Erro na sincronização: HTTP Error 404: Not Found
2025-05-13 14:26:08,625 - INFO - Monitor encerrado
2025-05-13 14:30:17,864 - INFO - Stub conectado a http://localhost:8000
2025-05-13 14:30:17,938 - INFO - Iniciando monitor (Intervalo: 5s)
2025-05-13 14:30:17,938 - INFO - Cliente iniciado (Modo: R)
2025-05-13 14:30:17,942 - ERROR - Erro HTTP 404: Not Found
2025-05-13 14:30:17,942 - ERROR - Erro na sincronização: HTTP Error 404: Not Found
2025-05-13 14:30:35,577 - INFO - Stub conectado a http://localhost:8000
2025-05-13 14:30:35,651 - INFO - Iniciando monitor (Intervalo: 5s)
2025-05-13 14:30:35,651 - INFO - Cliente iniciado (Modo: R)
2025-05-13 14:30:35,655 - ERROR - Erro HTTP 404: Not Found
2025-05-13 14:30:35,655 - ERROR - Erro na sincronização: HTTP Error 404: Not Found
2025-05-13 14:30:40,662 - ERROR - Erro HTTP 404: Not Found
2025-05-13 14:30:40,662 - ERROR - Erro na sincronização: HTTP Error 404: Not Found
2025-05-13 14:33:16,491 - INFO - Stub conectado a http://localhost:8000
2025-05-13 14:33:16,566 - INFO - Cliente iniciado (Modo: R)
2025-05-13 14:33:16,566 - INFO - Iniciando monitor (Intervalo: 5s)
2025-05-13 14:33:16,570 - ERROR - Erro HTTP 404: Not Found
2025-05-13 14:33:16,570 - ERROR - Erro na sincronização: HTTP Error 404: Not Found
2025-05-13 14:33:21,576 - ERROR - Erro HTTP 404: Not Found
2025-05-13 14:33:21,576 - ERROR - Erro na sincronização: HTTP Error 404: Not Found
2025-05-13 14:33:29,155 - INFO - Stub conectado a http://localhost:8000
2025-05-13 14:33:29,235 - INFO - Cliente iniciado (Modo: R)
2025-05-13 14:33:29,235 - INFO - Iniciando monitor (Intervalo: 5s)
2025-05-13 14:33:29,239 - ERROR - Erro HTTP 404: Not Found
2025-05-13 14:33:29,240 - ERROR - Erro na sincronização: HTTP Error 404: Not Found
2025-05-13 14:33:58,802 - INFO - Stub conectado a http://localhost:8000
2025-05-13 14:33:58,871 - INFO - Iniciando monitor (Intervalo: 5s)
2025-05-13 14:33:58,871 - INFO - Cliente iniciado (Modo: R)
2025-05-13 14:33:58,875 - ERROR - Erro HTTP 404: Not Found
2025-05-13 14:33:58,875 - ERROR - Erro na sincronização: HTTP Error 404: Not Found
2025-05-13 14:34:03,881 - ERROR - Erro HTTP 404: Not Found
2025-05-13 14:34:03,881 - ERROR - Erro na sincronização: HTTP Error 404: Not Found
2025-05-13 14:34:06,819 - INFO - Cliente encerrado pelo usuário
2025-05-13 14:34:08,870 - INFO - Stub conectado a http://localhost:8000
2025-05-13 14:34:08,942 - INFO - Cliente iniciado (Modo: R)
2025-05-13 14:34:08,943 - INFO - Iniciando monitor (Intervalo: 5s)
2025-05-13 14:34:08,946 - ERROR - Erro HTTP 404: Not Found
2025-05-13 14:34:08,946 - ERROR - Erro na sincronização: HTTP Error 404: Not Found
2025-05-13 14:34:13,952 - ERROR - Erro HTTP 404: Not Found
2025-05-13 14:34:13,952 - ERROR - Erro na sincronização: HTTP Error 404: Not Found
2025-05-13 14:34:18,960 - ERROR - Erro HTTP 404: Not Found
2025-05-13 14:34:18,960 - ERROR - Erro na sincronização: HTTP Error 404: Not Found
2025-05-13 14:34:23,965 - ERROR - Erro HTTP 404: Not Found
2025-05-13 14:34:23,966 - ERROR - Erro na sincronização: HTTP Error 404: Not Found
2025-05-13 14:34:28,971 - ERROR - Erro HTTP 404: Not Found
2025-05-13 14:34:28,972 - ERROR - Erro na sincronização: HTTP Error 404: Not Found
2025-05-13 14:34:33,977 - ERROR - Erro HTTP 404: Not Found
2025-05-13 14:34:33,977 - ERROR - Erro na sincronização: HTTP Error 404: Not Found
2025-05-13 14:34:35,156 - INFO - Monitor encerrado
2025-05-13 14:34:40,517 - INFO - Stub conectado a http://localhost:8000
2025-05-13 14:34:40,589 - INFO - Cliente iniciado (Modo: R)
2025-05-13 14:34:40,590 - INFO - Iniciando monitor (Intervalo: 5s)
2025-05-13 14:34:40,593 - ERROR - Erro HTTP 404: Not Found
2025-05-13 14:34:40,593 - ERROR - Erro na sincronização: HTTP Error 404: Not Found
2025-05-13 14:34:45,600 - ERROR - Erro HTTP 404: Not Found
2025-05-13 14:34:45,600 - ERROR - Erro na sincronização: HTTP Error 404: Not Found
2025-05-13 14:34:50,606 - ERROR - Erro HTTP 404: Not Found
2025-05-13 14:34:50,606 - ERROR - Erro na sincronização: HTTP Error 404: Not Found
2025-05-13 14:34:55,612 - ERROR - Erro HTTP 404: Not Found
2025-05-13 14:34:55,612 - ERROR - Erro na sincronização: HTTP Error 404: Not Found
2025-05-13 14:35:00,618 - ERROR - Erro HTTP 404: Not Found
2025-05-13 14:35:00,618 - ERROR - Erro na sincronização: HTTP Error 404: Not Found
2025-05-13 14:35:05,624 - ERROR - Erro HTTP 404: Not Found
2025-05-13 14:35:05,624 - ERROR - Erro na sincronização: HTTP Error 404: Not Found
2025-05-13 14:35:10,630 - ERROR - Erro HTTP 404: Not Found
2025-05-13 14:35:10,630 - ERROR - Erro na sincronização: HTTP Error 404: Not Found
2025-05-13 14:35:15,636 - ERROR - Erro HTTP 404: Not Found
2025-05-13 14:35:15,636 - ERROR - Erro na sincronização: HTTP Error 404: Not Found
2025-05-13 14:35:20,642 - ERROR - Erro HTTP 404: Not Found
2025-05-13 14:35:20,643 - ERROR - Erro na sincronização: HTTP Error 404: Not Found
2025-05-13 14:35:25,648 - ERROR - Erro HTTP 404: Not Found
2025-05-13 14:35:25,649 - ERROR - Erro na sincronização: HTTP Error 404: Not Found
2025-05-13 14:35:30,655 - ERROR - Erro HTTP 404: Not Found
2025-05-13 14:35:30,655 - ERROR - Erro na sincronização: HTTP Error 404: Not Found
2025-05-13 14:35:35,660 - ERROR - Erro HTTP 404: Not Found
2025-05-13 14:35:35,661 - ERROR - Erro na sincronização: HTTP Error 404: Not Found
2025-05-13 14:35:40,666 - ERROR - Erro HTTP 404: Not Found
2025-05-13 14:35:40,667 - ERROR - Erro na sincronização: HTTP Error 404: Not Found
2025-05-13 14:35:45,674 - ERROR - Erro HTTP 404: Not Found
2025-05-13 14:35:45,674 - ERROR - Erro na sincronização: HTTP Error 404: Not Found
2025-05-13 14:35:50,680 - ERROR - Erro HTTP 404: Not Found
2025-05-13 14:35:50,680 - ERROR - Erro na sincronização: HTTP Error 404: Not Found
2025-05-13 14:35:53,152 - INFO - Cliente encerrado pelo usuário.
2025-05-13 14:50:23,900 - INFO - Stub conectado a http://localhost:8000
2025-05-13 14:50:23,973 - INFO - Cliente iniciado (Modo: RR)
2025-05-13 14:50:23,973 - INFO - Iniciando monitor (Intervalo: 5s)
2025-05-13 14:50:23,977 - ERROR - Erro HTTP 404: Not Found
2025-05-13 14:50:23,977 - ERROR - Erro na sincronização: HTTP Error 404: Not Found
2025-05-13 14:50:28,983 - ERROR - Erro HTTP 404: Not Found
2025-05-13 14:50:28,984 - ERROR - Erro na sincronização: HTTP Error 404: Not Found
2025-05-13 14:50:32,931 - INFO - Stub conectado a http://localhost:8000
2025-05-13 14:50:33,012 - INFO - Cliente iniciado (Modo: RR)
2025-05-13 14:50:33,013 - INFO - Iniciando monitor (Intervalo: 5s)
2025-05-13 14:50:33,017 - ERROR - Erro HTTP 404: Not Found
2025-05-13 14:50:33,017 - ERROR - Erro na sincronização: HTTP Error 404: Not Found
2025-05-13 14:50:38,022 - ERROR - Erro HTTP 404: Not Found
2025-05-13 14:50:38,022 - ERROR - Erro na sincronização: HTTP Error 404: Not Found
2025-05-13 14:57:30,371 - INFO - Stub conectado a http://localhost:8000
2025-05-13 14:57:30,445 - INFO - Cliente iniciado (Modo: RR)
2025-05-13 14:57:30,446 - INFO - Iniciando monitor (Intervalo: 5s)
2025-05-13 14:57:30,449 - ERROR - Erro HTTP 404: Not Found
2025-05-13 14:57:51,782 - INFO - Cliente encerrado pelo usuário.
2025-05-13 14:57:53,725 - INFO - Stub conectado a http://localhost:8000
2025-05-13 14:57:53,810 - INFO - Cliente iniciado (Modo: RR)
2025-05-13 14:57:53,810 - INFO - Iniciando monitor (Intervalo: 5s)
2025-05-13 14:57:53,815 - ERROR - Erro HTTP 404: Not Found
2025-05-13 14:58:05,002 - INFO - Cliente encerrado pelo usuário.
2025-05-13 14:58:06,675 - INFO - Stub conectado a http://localhost:8000
2025-05-13 14:58:06,748 - INFO - Cliente iniciado (Modo: RR)
2025-05-13 14:58:06,749 - INFO - Iniciando monitor (Intervalo: 5s)
2025-05-13 14:58:06,752 - ERROR - Erro HTTP 404: Not Found
2025-05-13 14:58:06,753 - ERROR - Erro na sincronização: HTTP Error 404: Not Found
2025-05-13 14:58:11,759 - ERROR - Erro HTTP 404: Not Found
2025-05-13 14:58:11,759 - ERROR - Erro na sincronização: HTTP Error 404: Not Found
2025-05-13 14:58:16,764 - ERROR - Erro HTTP 404: Not Found
2025-05-13 14:58:16,764 - ERROR - Erro na sincronização: HTTP Error 404: Not Found
2025-05-13 14:58:21,770 - ERROR - Erro HTTP 404: Not Found
2025-05-13 14:58:21,771 - ERROR - Erro na sincronização: HTTP Error 404: Not Found
2025-05-13 14:58:26,776 - ERROR - Erro HTTP 404: Not Found
2025-05-13 14:58:26,776 - ERROR - Erro na sincronização: HTTP Error 404: Not Found
2025-05-13 14:58:31,782 - ERROR - Erro HTTP 404: Not Found
2025-05-13 14:58:31,782 - ERROR - Erro na sincronização: HTTP Error 404: Not Found
2025-05-13 14:58:36,788 - ERROR - Erro HTTP 404: Not Found
2025-05-13 14:58:36,788 - ERROR - Erro na sincronização: HTTP Error 404: Not Found
2025-05-13 14:58:41,794 - ERROR - Erro HTTP 404: Not Found
2025-05-13 14:58:41,795 - ERROR - Erro na sincronização: HTTP Error 404: Not Found
2025-05-13 14:58:46,800 - ERROR - Erro HTTP 404: Not Found
2025-05-13 14:58:46,801 - ERROR - Erro na sincronização: HTTP Error 404: Not Found
2025-05-13 14:58:51,807 - ERROR - Erro HTTP 404: Not Found
2025-05-13 14:58:51,807 - ERROR - Erro na sincronização: HTTP Error 404: Not Found
2025-05-13 14:58:56,813 - ERROR - Erro HTTP 404: Not Found
2025-05-13 14:58:56,813 - ERROR - Erro na sincronização: HTTP Error 404: Not Found
2025-05-13 14:59:01,818 - ERROR - Erro HTTP 404: Not Found
2025-05-13 14:59:01,819 - ERROR - Erro na sincronização: HTTP Error 404: Not Found
2025-05-13 14:59:06,825 - ERROR - Erro HTTP 404: Not Found
2025-05-13 14:59:06,825 - ERROR - Erro na sincronização: HTTP Error 404: Not Found
2025-05-13 14:59:11,830 - ERROR - Erro HTTP 404: Not Found
2025-05-13 14:59:11,830 - ERROR - Erro na sincronização: HTTP Error 404: Not Found
2025-05-13 14:59:16,836 - ERROR - Erro HTTP 404: Not Found
2025-05-13 14:59:16,836 - ERROR - Erro na sincronização: HTTP Error 404: Not Found
2025-05-13 14:59:21,841 - ERROR - Erro HTTP 404: Not Found
2025-05-13 14:59:21,842 - ERROR - Erro na sincronização: HTTP Error 404: Not Found
2025-05-13 14:59:26,847 - ERROR - Erro HTTP 404: Not Found
2025-05-13 14:59:26,847 - ERROR - Erro na sincronização: HTTP Error 404: Not Found
2025-05-13 14:59:29,149 - INFO - Cliente encerrado pelo usuário.
2025-05-13 15:04:44,799 - INFO - Stub conectado a http://localhost:8000
2025-05-13 15:04:44,882 - INFO - Cliente iniciado (Modo: RR)
2025-05-13 15:04:44,883 - INFO - Iniciando monitor (Intervalo: 5s)
2025-05-13 15:09:50,216 - INFO - Stub conectado a http://localhost:8000
2025-05-13 15:09:50,288 - INFO - Cliente iniciado (Modo: RR)
2025-05-13 15:09:50,288 - INFO - Iniciando monitor (Intervalo: 5s)
2025-05-13 15:14:57,417 - INFO - Stub conectado a http://localhost:8000
2025-05-13 15:14:57,487 - INFO - Cliente iniciado (Modo: RR)
2025-05-13 15:14:57,487 - INFO - Monitor started (Interval: 5s)
2025-05-13 15:14:57,492 - INFO - Sync: master -> slave
2025-05-13 15:15:12,505 - INFO - Sync: master -> slave
2025-05-13 15:18:20,945 - INFO - Stub conectado a http://localhost:8000
2025-05-13 15:18:21,023 - INFO - Cliente iniciado (Modo: RR)
2025-05-13 15:18:21,023 - INFO - Monitor started (Interval: 5s)
2025-05-13 15:18:31,036 - INFO - Sync: master -> slave
2025-05-13 15:26:36,368 - ERROR - Falha na conexão: <urlopen error [Errno 111] Connection refused>
2025-05-13 15:26:36,369 - ERROR - Sync error: <urlopen error [Errno 111] Connection refused>
2025-05-13 15:26:41,370 - ERROR - Falha na conexão: <urlopen error [Errno 111] Connection refused>
2025-05-13 15:26:41,370 - ERROR - Sync error: <urlopen error [Errno 111] Connection refused>
2025-05-13 15:26:41,934 - INFO - Cliente encerrado pelo usuário.
2025-05-13 15:26:47,808 - INFO - Stub conectado a http://localhost:8000
2025-05-13 15:26:47,880 - INFO - Cliente iniciado (Modo: RR)
2025-05-13 15:26:47,881 - INFO - Monitor started (Interval: 5s)
2025-05-13 15:36:44,174 - INFO - Stub conectado a http://localhost:8000
2025-05-13 15:36:44,245 - INFO - Cliente iniciado (Modo: RR)
2025-05-13 15:36:44,246 - INFO - Monitor started (Interval: 5s)
